#
# There is insufficient memory for the Java Runtime Environment to continue.
# Native memory allocation (malloc) failed to allocate 32744 bytes. Error detail: Chunk::new
# Possible reasons:
#   The system is out of physical RAM or swap space
#   This process is running with CompressedOops enabled, and the Java Heap may be blocking the growth of the native heap
# Possible solutions:
#   Reduce memory load on the system
#   Increase physical memory or swap space
#   Check if swap backing store is full
#   Decrease Java heap size (-Xmx/-Xms)
#   Decrease number of Java threads
#   Decrease Java thread stack sizes (-Xss)
#   Set larger code cache with -XX:ReservedCodeCacheSize=
#   JVM is running with Zero Based Compressed Oops mode in which the Java heap is
#     placed in the first 32GB address space. The Java Heap base address is the
#     maximum limit for the native heap growth. Please use -XX:HeapBaseMinAddress
#     to set the Java Heap base and to place the Java Heap above 32GB virtual address.
# This output file may be truncated or incomplete.
#
#  Out of Memory Error (arena.cpp:150), pid=4580, tid=3160
#
# JRE version: OpenJDK Runtime Environment Temurin-22.0.2+9 (22.0.2+9) (build 22.0.2+9)
# Java VM: OpenJDK 64-Bit Server VM Temurin-22.0.2+9 (22.0.2+9, mixed mode, tiered, compressed oops, compressed class ptrs, g1 gc, windows-amd64)
# No core dump will be written. Minidumps are not enabled by default on client versions of Windows
#

---------------  S U M M A R Y ------------

Command Line: -Dfile.encoding=UTF-8 -Dstdout.encoding=UTF-8 -Dstderr.encoding=UTF-8 -XX:+ShowCodeDetailsInExceptionMessages com.javaweb.Application

Host: Intel(R) Core(TM) i7-8550U CPU @ 1.80GHz, 8 cores, 15G,  Windows 10 , 64 bit Build 19041 (10.0.19041.1503)
Time: Tue May 13 20:18:14 2025 SE Asia Standard Time elapsed time: 0.482738 seconds (0d 0h 0m 0s)

---------------  T H R E A D  ---------------

Current thread (0x0000025a4f8f7140):  JavaThread "C1 CompilerThread0" daemon [_thread_in_native, id=3160, stack(0x0000006c1d200000,0x0000006c1d300000) (1024K)]


Current CompileTask:
C1:482  802       3       java.net.URLStreamHandler::parseURL (1124 bytes)

Stack: [0x0000006c1d200000,0x0000006c1d300000]
Native frames: (J=compiled Java code, j=interpreted, Vv=VM code, C=native code)
V  [jvm.dll+0x6ea6a9]  (no source info available)
V  [jvm.dll+0x8cdbf3]  (no source info available)
V  [jvm.dll+0x8d001e]  (no source info available)
V  [jvm.dll+0x8d06f3]  (no source info available)
V  [jvm.dll+0x286dc6]  (no source info available)
V  [jvm.dll+0xc3b8f]  (no source info available)
V  [jvm.dll+0xc3deb]  (no source info available)
V  [jvm.dll+0x14445e]  (no source info available)
V  [jvm.dll+0x1439c7]  (no source info available)
V  [jvm.dll+0x19dcda]  (no source info available)
V  [jvm.dll+0x19df76]  (no source info available)
V  [jvm.dll+0x159685]  (no source info available)
V  [jvm.dll+0x158e03]  (no source info available)
V  [jvm.dll+0x1590e0]  (no source info available)
V  [jvm.dll+0x15845d]  (no source info available)
V  [jvm.dll+0x15a31d]  (no source info available)
V  [jvm.dll+0x25d312]  (no source info available)
V  [jvm.dll+0x25b5da]  (no source info available)
V  [jvm.dll+0x3fc036]  (no source info available)
V  [jvm.dll+0x875e6b]  (no source info available)
V  [jvm.dll+0x6e8da5]  (no source info available)
C  [ucrtbase.dll+0x21bb2]  (no source info available)
C  [KERNEL32.DLL+0x17034]  (no source info available)
C  [ntdll.dll+0x52651]  (no source info available)


---------------  P R O C E S S  ---------------

Threads class SMR info:
_java_thread_list=0x0000025a4fa6d090, length=12, elements={
0x0000025a3310d390, 0x0000025a4f8b82b0, 0x0000025a4f8b8c30, 0x0000025a4f8bcdd0,
0x0000025a4f8c7600, 0x0000025a4f8d8320, 0x0000025a4f8d8990, 0x0000025a4f8be890,
0x0000025a4f8f7140, 0x0000025a4f9c4670, 0x0000025a4f9c1f10, 0x0000025a4fc04290
}

Java Threads: ( => current thread )
  0x0000025a3310d390 JavaThread "main"                              [_thread_in_vm, id=14560, stack(0x0000006c1c300000,0x0000006c1c400000) (1024K)]
  0x0000025a4f8b82b0 JavaThread "Reference Handler"          daemon [_thread_blocked, id=6440, stack(0x0000006c1cb00000,0x0000006c1cc00000) (1024K)]
  0x0000025a4f8b8c30 JavaThread "Finalizer"                  daemon [_thread_blocked, id=12024, stack(0x0000006c1cc00000,0x0000006c1cd00000) (1024K)]
  0x0000025a4f8bcdd0 JavaThread "Signal Dispatcher"          daemon [_thread_blocked, id=5816, stack(0x0000006c1cd00000,0x0000006c1ce00000) (1024K)]
  0x0000025a4f8c7600 JavaThread "Attach Listener"            daemon [_thread_blocked, id=7548, stack(0x0000006c1ce00000,0x0000006c1cf00000) (1024K)]
  0x0000025a4f8d8320 JavaThread "Service Thread"             daemon [_thread_blocked, id=4008, stack(0x0000006c1cf00000,0x0000006c1d000000) (1024K)]
  0x0000025a4f8d8990 JavaThread "Monitor Deflation Thread"   daemon [_thread_blocked, id=9860, stack(0x0000006c1d000000,0x0000006c1d100000) (1024K)]
  0x0000025a4f8be890 JavaThread "C2 CompilerThread0"         daemon [_thread_blocked, id=14112, stack(0x0000006c1d100000,0x0000006c1d200000) (1024K)]
=>0x0000025a4f8f7140 JavaThread "C1 CompilerThread0"         daemon [_thread_in_native, id=3160, stack(0x0000006c1d200000,0x0000006c1d300000) (1024K)]
  0x0000025a4f9c4670 JavaThread "Notification Thread"        daemon [_thread_blocked, id=15108, stack(0x0000006c1d300000,0x0000006c1d400000) (1024K)]
  0x0000025a4f9c1f10 JavaThread "Common-Cleaner"             daemon [_thread_blocked, id=11120, stack(0x0000006c1d400000,0x0000006c1d500000) (1024K)]
  0x0000025a4fc04290 JavaThread "C2 CompilerThread1"         daemon [_thread_blocked, id=1564, stack(0x0000006c1d500000,0x0000006c1d600000) (1024K)]
Total: 12

Other Threads:
  0x0000025a4f858470 VMThread "VM Thread"                           [id=9556, stack(0x0000006c1ca00000,0x0000006c1cb00000) (1024K)]
  0x0000025a4f7d19f0 WatcherThread "VM Periodic Task Thread"        [id=2488, stack(0x0000006c1c900000,0x0000006c1ca00000) (1024K)]
  0x0000025a352c2d00 WorkerThread "GC Thread#0"                     [id=12000, stack(0x0000006c1c400000,0x0000006c1c500000) (1024K)]
  0x0000025a352d5d30 ConcurrentGCThread "G1 Main Marker"            [id=9044, stack(0x0000006c1c500000,0x0000006c1c600000) (1024K)]
  0x0000025a352d6840 WorkerThread "G1 Conc#0"                       [id=11488, stack(0x0000006c1c600000,0x0000006c1c700000) (1024K)]
  0x0000025a4f6a61b0 ConcurrentGCThread "G1 Refine#0"               [id=14824, stack(0x0000006c1c700000,0x0000006c1c800000) (1024K)]
  0x0000025a4f6a69e0 ConcurrentGCThread "G1 Service"                [id=2708, stack(0x0000006c1c800000,0x0000006c1c900000) (1024K)]
Total: 7

Threads with active compile tasks:
C1 CompilerThread0  537  802       3       java.net.URLStreamHandler::parseURL (1124 bytes)
Total: 1

VM state: not at safepoint (normal execution)

VM Mutex/Monitor currently owned by a thread:  ([mutex/lock_event])
[0x00007fff15c9ef00] Metaspace_lock - owner thread: 0x0000025a3310d390
[0x00007fff15c9fc80] MultiArray_lock - owner thread: 0x0000025a3310d390

Heap address: 0x0000000709200000, size: 3950 MB, Compressed Oops mode: Zero based, Oop shift amount: 3

CDS archive(s) not mapped
Compressed class space mapped at: 0x00000000b8000000-0x00000000f8000000, reserved size: 1073741824
Narrow klass base: 0x0000000000000000, Narrow klass shift: 0, Narrow klass range: 0xf8000000

GC Precious Log:
 CardTable entry size: 512
 Card Set container configuration: InlinePtr #cards 4 size 8 Array Of Cards #cards 16 size 48 Howl #buckets 8 coarsen threshold 3686 Howl Bitmap #cards 512 size 80 coarsen threshold 460 Card regions per heap region 1 cards per card region 4096
 CPUs: 8 total, 8 available
 Memory: 15799M
 Large Page Support: Disabled
 NUMA Support: Disabled
 Compressed Oops: Enabled (Zero based)
 Heap Region Size: 2M
 Heap Min Capacity: 8M
 Heap Initial Capacity: 248M
 Heap Max Capacity: 3950M
 Pre-touch: Disabled
 Parallel Workers: 8
 Concurrent Workers: 2
 Concurrent Refinement Workers: 8
 Periodic GC: Disabled

Heap:
 garbage-first heap   total reserved 4044800K, committed 253952K, used 16384K [0x0000000709200000, 0x0000000800000000)
  region size 2048K, 10 young (20480K), 0 survivors (0K)
 Metaspace       used 11683K, committed 11840K, reserved 1114112K
  class space    used 1093K, committed 1152K, reserved 1048576K

Heap Regions: E=young(eden), S=young(survivor), O=old, HS=humongous(starts), HC=humongous(continues), CS=collection set, F=free, TAMS=top-at-mark-start, PB=parsable bottom
|   0|0x0000000709200000, 0x0000000709200000, 0x0000000709400000|  0%| F|  |TAMS 0x0000000709200000| PB 0x0000000709200000| Untracked |  0
|   1|0x0000000709400000, 0x0000000709400000, 0x0000000709600000|  0%| F|  |TAMS 0x0000000709400000| PB 0x0000000709400000| Untracked |  0
|   2|0x0000000709600000, 0x0000000709600000, 0x0000000709800000|  0%| F|  |TAMS 0x0000000709600000| PB 0x0000000709600000| Untracked |  0
|   3|0x0000000709800000, 0x0000000709800000, 0x0000000709a00000|  0%| F|  |TAMS 0x0000000709800000| PB 0x0000000709800000| Untracked |  0
|   4|0x0000000709a00000, 0x0000000709a00000, 0x0000000709c00000|  0%| F|  |TAMS 0x0000000709a00000| PB 0x0000000709a00000| Untracked |  0
|   5|0x0000000709c00000, 0x0000000709c00000, 0x0000000709e00000|  0%| F|  |TAMS 0x0000000709c00000| PB 0x0000000709c00000| Untracked |  0
|   6|0x0000000709e00000, 0x0000000709e00000, 0x000000070a000000|  0%| F|  |TAMS 0x0000000709e00000| PB 0x0000000709e00000| Untracked |  0
|   7|0x000000070a000000, 0x000000070a000000, 0x000000070a200000|  0%| F|  |TAMS 0x000000070a000000| PB 0x000000070a000000| Untracked |  0
|   8|0x000000070a200000, 0x000000070a200000, 0x000000070a400000|  0%| F|  |TAMS 0x000000070a200000| PB 0x000000070a200000| Untracked |  0
|   9|0x000000070a400000, 0x000000070a400000, 0x000000070a600000|  0%| F|  |TAMS 0x000000070a400000| PB 0x000000070a400000| Untracked |  0
|  10|0x000000070a600000, 0x000000070a600000, 0x000000070a800000|  0%| F|  |TAMS 0x000000070a600000| PB 0x000000070a600000| Untracked |  0
|  11|0x000000070a800000, 0x000000070a800000, 0x000000070aa00000|  0%| F|  |TAMS 0x000000070a800000| PB 0x000000070a800000| Untracked |  0
|  12|0x000000070aa00000, 0x000000070aa00000, 0x000000070ac00000|  0%| F|  |TAMS 0x000000070aa00000| PB 0x000000070aa00000| Untracked |  0
|  13|0x000000070ac00000, 0x000000070ac00000, 0x000000070ae00000|  0%| F|  |TAMS 0x000000070ac00000| PB 0x000000070ac00000| Untracked |  0
|  14|0x000000070ae00000, 0x000000070ae00000, 0x000000070b000000|  0%| F|  |TAMS 0x000000070ae00000| PB 0x000000070ae00000| Untracked |  0
|  15|0x000000070b000000, 0x000000070b000000, 0x000000070b200000|  0%| F|  |TAMS 0x000000070b000000| PB 0x000000070b000000| Untracked |  0
|  16|0x000000070b200000, 0x000000070b200000, 0x000000070b400000|  0%| F|  |TAMS 0x000000070b200000| PB 0x000000070b200000| Untracked |  0
|  17|0x000000070b400000, 0x000000070b400000, 0x000000070b600000|  0%| F|  |TAMS 0x000000070b400000| PB 0x000000070b400000| Untracked |  0
|  18|0x000000070b600000, 0x000000070b600000, 0x000000070b800000|  0%| F|  |TAMS 0x000000070b600000| PB 0x000000070b600000| Untracked |  0
|  19|0x000000070b800000, 0x000000070b800000, 0x000000070ba00000|  0%| F|  |TAMS 0x000000070b800000| PB 0x000000070b800000| Untracked |  0
|  20|0x000000070ba00000, 0x000000070ba00000, 0x000000070bc00000|  0%| F|  |TAMS 0x000000070ba00000| PB 0x000000070ba00000| Untracked |  0
|  21|0x000000070bc00000, 0x000000070bc00000, 0x000000070be00000|  0%| F|  |TAMS 0x000000070bc00000| PB 0x000000070bc00000| Untracked |  0
|  22|0x000000070be00000, 0x000000070be00000, 0x000000070c000000|  0%| F|  |TAMS 0x000000070be00000| PB 0x000000070be00000| Untracked |  0
|  23|0x000000070c000000, 0x000000070c000000, 0x000000070c200000|  0%| F|  |TAMS 0x000000070c000000| PB 0x000000070c000000| Untracked |  0
|  24|0x000000070c200000, 0x000000070c200000, 0x000000070c400000|  0%| F|  |TAMS 0x000000070c200000| PB 0x000000070c200000| Untracked |  0
|  25|0x000000070c400000, 0x000000070c400000, 0x000000070c600000|  0%| F|  |TAMS 0x000000070c400000| PB 0x000000070c400000| Untracked |  0
|  26|0x000000070c600000, 0x000000070c600000, 0x000000070c800000|  0%| F|  |TAMS 0x000000070c600000| PB 0x000000070c600000| Untracked |  0
|  27|0x000000070c800000, 0x000000070c800000, 0x000000070ca00000|  0%| F|  |TAMS 0x000000070c800000| PB 0x000000070c800000| Untracked |  0
|  28|0x000000070ca00000, 0x000000070ca00000, 0x000000070cc00000|  0%| F|  |TAMS 0x000000070ca00000| PB 0x000000070ca00000| Untracked |  0
|  29|0x000000070cc00000, 0x000000070cc00000, 0x000000070ce00000|  0%| F|  |TAMS 0x000000070cc00000| PB 0x000000070cc00000| Untracked |  0
|  30|0x000000070ce00000, 0x000000070ce00000, 0x000000070d000000|  0%| F|  |TAMS 0x000000070ce00000| PB 0x000000070ce00000| Untracked |  0
|  31|0x000000070d000000, 0x000000070d000000, 0x000000070d200000|  0%| F|  |TAMS 0x000000070d000000| PB 0x000000070d000000| Untracked |  0
|  32|0x000000070d200000, 0x000000070d200000, 0x000000070d400000|  0%| F|  |TAMS 0x000000070d200000| PB 0x000000070d200000| Untracked |  0
|  33|0x000000070d400000, 0x000000070d400000, 0x000000070d600000|  0%| F|  |TAMS 0x000000070d400000| PB 0x000000070d400000| Untracked |  0
|  34|0x000000070d600000, 0x000000070d600000, 0x000000070d800000|  0%| F|  |TAMS 0x000000070d600000| PB 0x000000070d600000| Untracked |  0
|  35|0x000000070d800000, 0x000000070d800000, 0x000000070da00000|  0%| F|  |TAMS 0x000000070d800000| PB 0x000000070d800000| Untracked |  0
|  36|0x000000070da00000, 0x000000070da00000, 0x000000070dc00000|  0%| F|  |TAMS 0x000000070da00000| PB 0x000000070da00000| Untracked |  0
|  37|0x000000070dc00000, 0x000000070dc00000, 0x000000070de00000|  0%| F|  |TAMS 0x000000070dc00000| PB 0x000000070dc00000| Untracked |  0
|  38|0x000000070de00000, 0x000000070de00000, 0x000000070e000000|  0%| F|  |TAMS 0x000000070de00000| PB 0x000000070de00000| Untracked |  0
|  39|0x000000070e000000, 0x000000070e000000, 0x000000070e200000|  0%| F|  |TAMS 0x000000070e000000| PB 0x000000070e000000| Untracked |  0
|  40|0x000000070e200000, 0x000000070e200000, 0x000000070e400000|  0%| F|  |TAMS 0x000000070e200000| PB 0x000000070e200000| Untracked |  0
|  41|0x000000070e400000, 0x000000070e400000, 0x000000070e600000|  0%| F|  |TAMS 0x000000070e400000| PB 0x000000070e400000| Untracked |  0
|  42|0x000000070e600000, 0x000000070e600000, 0x000000070e800000|  0%| F|  |TAMS 0x000000070e600000| PB 0x000000070e600000| Untracked |  0
|  43|0x000000070e800000, 0x000000070e800000, 0x000000070ea00000|  0%| F|  |TAMS 0x000000070e800000| PB 0x000000070e800000| Untracked |  0
|  44|0x000000070ea00000, 0x000000070ea00000, 0x000000070ec00000|  0%| F|  |TAMS 0x000000070ea00000| PB 0x000000070ea00000| Untracked |  0
|  45|0x000000070ec00000, 0x000000070ec00000, 0x000000070ee00000|  0%| F|  |TAMS 0x000000070ec00000| PB 0x000000070ec00000| Untracked |  0
|  46|0x000000070ee00000, 0x000000070ee00000, 0x000000070f000000|  0%| F|  |TAMS 0x000000070ee00000| PB 0x000000070ee00000| Untracked |  0
|  47|0x000000070f000000, 0x000000070f000000, 0x000000070f200000|  0%| F|  |TAMS 0x000000070f000000| PB 0x000000070f000000| Untracked |  0
|  48|0x000000070f200000, 0x000000070f200000, 0x000000070f400000|  0%| F|  |TAMS 0x000000070f200000| PB 0x000000070f200000| Untracked |  0
|  49|0x000000070f400000, 0x000000070f400000, 0x000000070f600000|  0%| F|  |TAMS 0x000000070f400000| PB 0x000000070f400000| Untracked |  0
|  50|0x000000070f600000, 0x000000070f600000, 0x000000070f800000|  0%| F|  |TAMS 0x000000070f600000| PB 0x000000070f600000| Untracked |  0
|  51|0x000000070f800000, 0x000000070f800000, 0x000000070fa00000|  0%| F|  |TAMS 0x000000070f800000| PB 0x000000070f800000| Untracked |  0
|  52|0x000000070fa00000, 0x000000070fa00000, 0x000000070fc00000|  0%| F|  |TAMS 0x000000070fa00000| PB 0x000000070fa00000| Untracked |  0
|  53|0x000000070fc00000, 0x000000070fc00000, 0x000000070fe00000|  0%| F|  |TAMS 0x000000070fc00000| PB 0x000000070fc00000| Untracked |  0
|  54|0x000000070fe00000, 0x000000070fe00000, 0x0000000710000000|  0%| F|  |TAMS 0x000000070fe00000| PB 0x000000070fe00000| Untracked |  0
|  55|0x0000000710000000, 0x0000000710000000, 0x0000000710200000|  0%| F|  |TAMS 0x0000000710000000| PB 0x0000000710000000| Untracked |  0
|  56|0x0000000710200000, 0x0000000710200000, 0x0000000710400000|  0%| F|  |TAMS 0x0000000710200000| PB 0x0000000710200000| Untracked |  0
|  57|0x0000000710400000, 0x0000000710400000, 0x0000000710600000|  0%| F|  |TAMS 0x0000000710400000| PB 0x0000000710400000| Untracked |  0
|  58|0x0000000710600000, 0x0000000710600000, 0x0000000710800000|  0%| F|  |TAMS 0x0000000710600000| PB 0x0000000710600000| Untracked |  0
|  59|0x0000000710800000, 0x0000000710800000, 0x0000000710a00000|  0%| F|  |TAMS 0x0000000710800000| PB 0x0000000710800000| Untracked |  0
|  60|0x0000000710a00000, 0x0000000710a00000, 0x0000000710c00000|  0%| F|  |TAMS 0x0000000710a00000| PB 0x0000000710a00000| Untracked |  0
|  61|0x0000000710c00000, 0x0000000710c00000, 0x0000000710e00000|  0%| F|  |TAMS 0x0000000710c00000| PB 0x0000000710c00000| Untracked |  0
|  62|0x0000000710e00000, 0x0000000710e00000, 0x0000000711000000|  0%| F|  |TAMS 0x0000000710e00000| PB 0x0000000710e00000| Untracked |  0
|  63|0x0000000711000000, 0x0000000711000000, 0x0000000711200000|  0%| F|  |TAMS 0x0000000711000000| PB 0x0000000711000000| Untracked |  0
|  64|0x0000000711200000, 0x0000000711200000, 0x0000000711400000|  0%| F|  |TAMS 0x0000000711200000| PB 0x0000000711200000| Untracked |  0
|  65|0x0000000711400000, 0x0000000711400000, 0x0000000711600000|  0%| F|  |TAMS 0x0000000711400000| PB 0x0000000711400000| Untracked |  0
|  66|0x0000000711600000, 0x0000000711600000, 0x0000000711800000|  0%| F|  |TAMS 0x0000000711600000| PB 0x0000000711600000| Untracked |  0
|  67|0x0000000711800000, 0x0000000711800000, 0x0000000711a00000|  0%| F|  |TAMS 0x0000000711800000| PB 0x0000000711800000| Untracked |  0
|  68|0x0000000711a00000, 0x0000000711a00000, 0x0000000711c00000|  0%| F|  |TAMS 0x0000000711a00000| PB 0x0000000711a00000| Untracked |  0
|  69|0x0000000711c00000, 0x0000000711c00000, 0x0000000711e00000|  0%| F|  |TAMS 0x0000000711c00000| PB 0x0000000711c00000| Untracked |  0
|  70|0x0000000711e00000, 0x0000000711e00000, 0x0000000712000000|  0%| F|  |TAMS 0x0000000711e00000| PB 0x0000000711e00000| Untracked |  0
|  71|0x0000000712000000, 0x0000000712000000, 0x0000000712200000|  0%| F|  |TAMS 0x0000000712000000| PB 0x0000000712000000| Untracked |  0
|  72|0x0000000712200000, 0x0000000712200000, 0x0000000712400000|  0%| F|  |TAMS 0x0000000712200000| PB 0x0000000712200000| Untracked |  0
|  73|0x0000000712400000, 0x0000000712400000, 0x0000000712600000|  0%| F|  |TAMS 0x0000000712400000| PB 0x0000000712400000| Untracked |  0
|  74|0x0000000712600000, 0x0000000712600000, 0x0000000712800000|  0%| F|  |TAMS 0x0000000712600000| PB 0x0000000712600000| Untracked |  0
|  75|0x0000000712800000, 0x0000000712800000, 0x0000000712a00000|  0%| F|  |TAMS 0x0000000712800000| PB 0x0000000712800000| Untracked |  0
|  76|0x0000000712a00000, 0x0000000712a00000, 0x0000000712c00000|  0%| F|  |TAMS 0x0000000712a00000| PB 0x0000000712a00000| Untracked |  0
|  77|0x0000000712c00000, 0x0000000712c00000, 0x0000000712e00000|  0%| F|  |TAMS 0x0000000712c00000| PB 0x0000000712c00000| Untracked |  0
|  78|0x0000000712e00000, 0x0000000712e00000, 0x0000000713000000|  0%| F|  |TAMS 0x0000000712e00000| PB 0x0000000712e00000| Untracked |  0
|  79|0x0000000713000000, 0x0000000713000000, 0x0000000713200000|  0%| F|  |TAMS 0x0000000713000000| PB 0x0000000713000000| Untracked |  0
|  80|0x0000000713200000, 0x0000000713200000, 0x0000000713400000|  0%| F|  |TAMS 0x0000000713200000| PB 0x0000000713200000| Untracked |  0
|  81|0x0000000713400000, 0x0000000713400000, 0x0000000713600000|  0%| F|  |TAMS 0x0000000713400000| PB 0x0000000713400000| Untracked |  0
|  82|0x0000000713600000, 0x0000000713600000, 0x0000000713800000|  0%| F|  |TAMS 0x0000000713600000| PB 0x0000000713600000| Untracked |  0
|  83|0x0000000713800000, 0x0000000713800000, 0x0000000713a00000|  0%| F|  |TAMS 0x0000000713800000| PB 0x0000000713800000| Untracked |  0
|  84|0x0000000713a00000, 0x0000000713a00000, 0x0000000713c00000|  0%| F|  |TAMS 0x0000000713a00000| PB 0x0000000713a00000| Untracked |  0
|  85|0x0000000713c00000, 0x0000000713c00000, 0x0000000713e00000|  0%| F|  |TAMS 0x0000000713c00000| PB 0x0000000713c00000| Untracked |  0
|  86|0x0000000713e00000, 0x0000000713e00000, 0x0000000714000000|  0%| F|  |TAMS 0x0000000713e00000| PB 0x0000000713e00000| Untracked |  0
|  87|0x0000000714000000, 0x0000000714000000, 0x0000000714200000|  0%| F|  |TAMS 0x0000000714000000| PB 0x0000000714000000| Untracked |  0
|  88|0x0000000714200000, 0x0000000714200000, 0x0000000714400000|  0%| F|  |TAMS 0x0000000714200000| PB 0x0000000714200000| Untracked |  0
|  89|0x0000000714400000, 0x0000000714400000, 0x0000000714600000|  0%| F|  |TAMS 0x0000000714400000| PB 0x0000000714400000| Untracked |  0
|  90|0x0000000714600000, 0x0000000714600000, 0x0000000714800000|  0%| F|  |TAMS 0x0000000714600000| PB 0x0000000714600000| Untracked |  0
|  91|0x0000000714800000, 0x0000000714800000, 0x0000000714a00000|  0%| F|  |TAMS 0x0000000714800000| PB 0x0000000714800000| Untracked |  0
|  92|0x0000000714a00000, 0x0000000714a00000, 0x0000000714c00000|  0%| F|  |TAMS 0x0000000714a00000| PB 0x0000000714a00000| Untracked |  0
|  93|0x0000000714c00000, 0x0000000714c00000, 0x0000000714e00000|  0%| F|  |TAMS 0x0000000714c00000| PB 0x0000000714c00000| Untracked |  0
|  94|0x0000000714e00000, 0x0000000714e00000, 0x0000000715000000|  0%| F|  |TAMS 0x0000000714e00000| PB 0x0000000714e00000| Untracked |  0
|  95|0x0000000715000000, 0x0000000715000000, 0x0000000715200000|  0%| F|  |TAMS 0x0000000715000000| PB 0x0000000715000000| Untracked |  0
|  96|0x0000000715200000, 0x0000000715200000, 0x0000000715400000|  0%| F|  |TAMS 0x0000000715200000| PB 0x0000000715200000| Untracked |  0
|  97|0x0000000715400000, 0x0000000715400000, 0x0000000715600000|  0%| F|  |TAMS 0x0000000715400000| PB 0x0000000715400000| Untracked |  0
|  98|0x0000000715600000, 0x0000000715600000, 0x0000000715800000|  0%| F|  |TAMS 0x0000000715600000| PB 0x0000000715600000| Untracked |  0
|  99|0x0000000715800000, 0x0000000715800000, 0x0000000715a00000|  0%| F|  |TAMS 0x0000000715800000| PB 0x0000000715800000| Untracked |  0
| 100|0x0000000715a00000, 0x0000000715a00000, 0x0000000715c00000|  0%| F|  |TAMS 0x0000000715a00000| PB 0x0000000715a00000| Untracked |  0
| 101|0x0000000715c00000, 0x0000000715c00000, 0x0000000715e00000|  0%| F|  |TAMS 0x0000000715c00000| PB 0x0000000715c00000| Untracked |  0
| 102|0x0000000715e00000, 0x0000000715e00000, 0x0000000716000000|  0%| F|  |TAMS 0x0000000715e00000| PB 0x0000000715e00000| Untracked |  0
| 103|0x0000000716000000, 0x0000000716000000, 0x0000000716200000|  0%| F|  |TAMS 0x0000000716000000| PB 0x0000000716000000| Untracked |  0
| 104|0x0000000716200000, 0x0000000716200000, 0x0000000716400000|  0%| F|  |TAMS 0x0000000716200000| PB 0x0000000716200000| Untracked |  0
| 105|0x0000000716400000, 0x0000000716400000, 0x0000000716600000|  0%| F|  |TAMS 0x0000000716400000| PB 0x0000000716400000| Untracked |  0
| 106|0x0000000716600000, 0x0000000716600000, 0x0000000716800000|  0%| F|  |TAMS 0x0000000716600000| PB 0x0000000716600000| Untracked |  0
| 107|0x0000000716800000, 0x0000000716800000, 0x0000000716a00000|  0%| F|  |TAMS 0x0000000716800000| PB 0x0000000716800000| Untracked |  0
| 108|0x0000000716a00000, 0x0000000716a00000, 0x0000000716c00000|  0%| F|  |TAMS 0x0000000716a00000| PB 0x0000000716a00000| Untracked |  0
| 109|0x0000000716c00000, 0x0000000716c00000, 0x0000000716e00000|  0%| F|  |TAMS 0x0000000716c00000| PB 0x0000000716c00000| Untracked |  0
| 110|0x0000000716e00000, 0x0000000716e00000, 0x0000000717000000|  0%| F|  |TAMS 0x0000000716e00000| PB 0x0000000716e00000| Untracked |  0
| 111|0x0000000717000000, 0x0000000717000000, 0x0000000717200000|  0%| F|  |TAMS 0x0000000717000000| PB 0x0000000717000000| Untracked |  0
| 112|0x0000000717200000, 0x0000000717200000, 0x0000000717400000|  0%| F|  |TAMS 0x0000000717200000| PB 0x0000000717200000| Untracked |  0
| 113|0x0000000717400000, 0x0000000717400000, 0x0000000717600000|  0%| F|  |TAMS 0x0000000717400000| PB 0x0000000717400000| Untracked |  0
| 114|0x0000000717600000, 0x000000071767ae78, 0x0000000717800000| 24%| E|  |TAMS 0x0000000717600000| PB 0x0000000717600000| Complete |  0
| 115|0x0000000717800000, 0x0000000717a00000, 0x0000000717a00000|100%| E|CS|TAMS 0x0000000717800000| PB 0x0000000717800000| Complete |  0
| 116|0x0000000717a00000, 0x0000000717c00000, 0x0000000717c00000|100%| E|CS|TAMS 0x0000000717a00000| PB 0x0000000717a00000| Complete |  0
| 117|0x0000000717c00000, 0x0000000717e00000, 0x0000000717e00000|100%| E|CS|TAMS 0x0000000717c00000| PB 0x0000000717c00000| Complete |  0
| 118|0x0000000717e00000, 0x0000000718000000, 0x0000000718000000|100%| E|CS|TAMS 0x0000000717e00000| PB 0x0000000717e00000| Complete |  0
| 119|0x0000000718000000, 0x0000000718200000, 0x0000000718200000|100%| E|CS|TAMS 0x0000000718000000| PB 0x0000000718000000| Complete |  0
| 120|0x0000000718200000, 0x0000000718400000, 0x0000000718400000|100%| E|  |TAMS 0x0000000718200000| PB 0x0000000718200000| Complete |  0
| 121|0x0000000718400000, 0x0000000718600000, 0x0000000718600000|100%| E|CS|TAMS 0x0000000718400000| PB 0x0000000718400000| Complete |  0
| 122|0x0000000718600000, 0x0000000718800000, 0x0000000718800000|100%| E|CS|TAMS 0x0000000718600000| PB 0x0000000718600000| Complete |  0
| 123|0x0000000718800000, 0x0000000718a00000, 0x0000000718a00000|100%| E|CS|TAMS 0x0000000718800000| PB 0x0000000718800000| Complete |  0

Card table byte_map: [0x0000025a48840000,0x0000025a49000000] _byte_map_base: 0x0000025a44ff7000

Marking Bits: (CMBitMap*) 0x0000025a352c3410
 Bits: [0x0000025a49000000, 0x0000025a4cdb8000)

Polling page: 0x0000025a331d0000

Metaspace:

Usage:
  Non-class:     10.34 MB used.
      Class:      1.07 MB used.
       Both:     11.41 MB used.

Virtual space:
  Non-class space:       64.00 MB reserved,      10.44 MB ( 16%) committed,  1 nodes.
      Class space:        1.00 GB reserved,       1.12 MB ( <1%) committed,  1 nodes.
             Both:        1.06 GB reserved,      11.56 MB (  1%) committed. 

Chunk freelists:
   Non-Class:  4.69 MB
       Class:  14.66 MB
        Both:  19.34 MB

MaxMetaspaceSize: unlimited
CompressedClassSpaceSize: 1.00 GB
Initial GC threshold: 21.00 MB
Current GC threshold: 21.00 MB
CDS: off
 - commit_granule_bytes: 65536.
 - commit_granule_words: 8192.
 - virtual_space_node_default_size: 8388608.
 - enlarge_chunks_in_place: 1.
 - use_allocation_guard: 0.


Internal statistics:

num_allocs_failed_limit: 0.
num_arena_births: 92.
num_arena_deaths: 0.
num_vsnodes_births: 2.
num_vsnodes_deaths: 0.
num_space_committed: 185.
num_space_uncommitted: 0.
num_chunks_returned_to_freelist: 0.
num_chunks_taken_from_freelist: 225.
num_chunk_merges: 0.
num_chunk_splits: 118.
num_chunks_enlarged: 58.
num_inconsistent_stats: 0.

CodeHeap 'non-profiled nmethods': size=120000Kb used=340Kb max_used=340Kb free=119659Kb
 bounds [0x0000025a40820000, 0x0000025a40a90000, 0x0000025a47d50000]
CodeHeap 'profiled nmethods': size=120000Kb used=1257Kb max_used=1257Kb free=118743Kb
 bounds [0x0000025a38d50000, 0x0000025a38fc0000, 0x0000025a40280000]
CodeHeap 'non-nmethods': size=5760Kb used=1357Kb max_used=1378Kb free=4402Kb
 bounds [0x0000025a40280000, 0x0000025a404f0000, 0x0000025a40820000]
 total_blobs=1272 nmethods=810 adapters=367
 compilation: enabled
              stopped_count=0, restarted_count=0
 full_count=0

Compilation events (20 events):
Event: 0.463 Thread 0x0000025a4f8f7140  793       1       sun.nio.fs.WindowsPathParser$Result::type (5 bytes)
Event: 0.463 Thread 0x0000025a4f8f7140 nmethod 793 0x0000025a40871510 code [0x0000025a408716a0, 0x0000025a40871770]
Event: 0.463 Thread 0x0000025a4f8f7140  798   !   3       java.lang.invoke.MemberName::clone (14 bytes)
Event: 0.463 Thread 0x0000025a4f8f7140 nmethod 798 0x0000025a38e88090 code [0x0000025a38e88260, 0x0000025a38e885a0]
Event: 0.463 Thread 0x0000025a4f8f7140  794       1       sun.nio.fs.WindowsPathParser$Result::root (5 bytes)
Event: 0.463 Thread 0x0000025a4f8f7140 nmethod 794 0x0000025a40871810 code [0x0000025a408719a0, 0x0000025a40871a70]
Event: 0.463 Thread 0x0000025a4f8f7140  795       1       sun.nio.fs.WindowsPathParser$Result::path (5 bytes)
Event: 0.463 Thread 0x0000025a4f8f7140 nmethod 795 0x0000025a40871b10 code [0x0000025a40871ca0, 0x0000025a40871d70]
Event: 0.466 Thread 0x0000025a4f8f7140  800       3       java.util.ImmutableCollections$AbstractImmutableCollection::<init> (5 bytes)
Event: 0.466 Thread 0x0000025a4f8f7140 nmethod 800 0x0000025a38e88710 code [0x0000025a38e888c0, 0x0000025a38e88a88]
Event: 0.466 Thread 0x0000025a4f8f7140  801       3       sun.net.util.URLUtil::urlNoFragString (143 bytes)
Event: 0.467 Thread 0x0000025a4f8f7140 nmethod 801 0x0000025a38e88b90 code [0x0000025a38e88ec0, 0x0000025a38e89e80]
Event: 0.468 Thread 0x0000025a4f8f7140  802       3       java.net.URLStreamHandler::parseURL (1124 bytes)
Event: 0.468 Thread 0x0000025a4fc04290 nmethod 796% 0x0000025a40872110 code [0x0000025a408722a0, 0x0000025a408726a0]
Event: 0.471 Thread 0x0000025a4fc04290  803       4       java.lang.invoke.MethodType::parameterType (7 bytes)
Event: 0.472 Thread 0x0000025a4fc04290 nmethod 803 0x0000025a40872810 code [0x0000025a408729a0, 0x0000025a40872a68]
Event: 0.474 Thread 0x0000025a4fc04290  807       4       java.lang.AbstractStringBuilder::<init> (39 bytes)
Event: 0.475 Thread 0x0000025a4f8be890  810       4       java.lang.String::<init> (98 bytes)
Event: 0.478 Thread 0x0000025a4fc04290 nmethod 807 0x0000025a40872e10 code [0x0000025a40872fa0, 0x0000025a40873210]
Event: 0.480 Thread 0x0000025a4f8be890 nmethod 810 0x0000025a40873310 code [0x0000025a408734c0, 0x0000025a40873a78]

GC Heap History (0 events):
No events

Dll operation events (7 events):
Event: 0.009 Loaded shared library C:\Users\MyPC\.p2\pool\plugins\org.eclipse.justj.openjdk.hotspot.jre.full.win32.x86_64_22.0.2.v20240802-1626\jre\bin\java.dll
Event: 0.015 Loaded shared library C:\Users\MyPC\.p2\pool\plugins\org.eclipse.justj.openjdk.hotspot.jre.full.win32.x86_64_22.0.2.v20240802-1626\jre\bin\zip.dll
Event: 0.152 Loaded shared library C:\Users\MyPC\.p2\pool\plugins\org.eclipse.justj.openjdk.hotspot.jre.full.win32.x86_64_22.0.2.v20240802-1626\jre\bin\net.dll
Event: 0.154 Loaded shared library C:\Users\MyPC\.p2\pool\plugins\org.eclipse.justj.openjdk.hotspot.jre.full.win32.x86_64_22.0.2.v20240802-1626\jre\bin\nio.dll
Event: 0.159 Loaded shared library C:\Users\MyPC\.p2\pool\plugins\org.eclipse.justj.openjdk.hotspot.jre.full.win32.x86_64_22.0.2.v20240802-1626\jre\bin\zip.dll
Event: 0.231 Loaded shared library C:\Users\MyPC\.p2\pool\plugins\org.eclipse.justj.openjdk.hotspot.jre.full.win32.x86_64_22.0.2.v20240802-1626\jre\bin\verify.dll
Event: 0.246 Loaded shared library C:\Users\MyPC\.p2\pool\plugins\org.eclipse.justj.openjdk.hotspot.jre.full.win32.x86_64_22.0.2.v20240802-1626\jre\bin\jimage.dll

Deoptimization events (20 events):
Event: 0.252 Thread 0x0000025a3310d390 Uncommon trap: trap_request=0xffffff45 fr.pc=0x0000025a4082a2e0 relative=0x0000000000000060
Event: 0.252 Thread 0x0000025a3310d390 Uncommon trap: reason=unstable_if action=reinterpret pc=0x0000025a4082a2e0 method=java.io.WinNTFileSystem.isSlash(C)Z @ 9 c2
Event: 0.252 Thread 0x0000025a3310d390 DEOPT PACKING pc=0x0000025a4082a2e0 sp=0x0000006c1c3fe2d0
Event: 0.252 Thread 0x0000025a3310d390 DEOPT UNPACKING pc=0x0000025a402d46a2 sp=0x0000006c1c3fe258 mode 2
Event: 0.269 Thread 0x0000025a3310d390 Uncommon trap: trap_request=0xffffff45 fr.pc=0x0000025a408349ec relative=0x00000000000002ac
Event: 0.269 Thread 0x0000025a3310d390 Uncommon trap: reason=unstable_if action=reinterpret pc=0x0000025a408349ec method=java.lang.StringLatin1.hashCode([B)I @ 2 c2
Event: 0.269 Thread 0x0000025a3310d390 DEOPT PACKING pc=0x0000025a408349ec sp=0x0000006c1c3fc5a0
Event: 0.269 Thread 0x0000025a3310d390 DEOPT UNPACKING pc=0x0000025a402d46a2 sp=0x0000006c1c3fc4d8 mode 2
Event: 0.294 Thread 0x0000025a3310d390 Uncommon trap: trap_request=0xffffff45 fr.pc=0x0000025a4083cdb0 relative=0x0000000000000470
Event: 0.295 Thread 0x0000025a3310d390 Uncommon trap: reason=unstable_if action=reinterpret pc=0x0000025a4083cdb0 method=java.util.jar.Manifest$FastInputStream.readLine([BII)I @ 90 c2
Event: 0.295 Thread 0x0000025a3310d390 DEOPT PACKING pc=0x0000025a4083cdb0 sp=0x0000006c1c3fd230
Event: 0.295 Thread 0x0000025a3310d390 DEOPT UNPACKING pc=0x0000025a402d46a2 sp=0x0000006c1c3fd1c0 mode 2
Event: 0.332 Thread 0x0000025a3310d390 Uncommon trap: trap_request=0xffffff6e fr.pc=0x0000025a4083f6dc relative=0x00000000000001bc
Event: 0.332 Thread 0x0000025a3310d390 Uncommon trap: reason=loop_limit_check action=maybe_recompile pc=0x0000025a4083f6dc method=java.lang.StringLatin1.lastIndexOf([BII)I @ 19 c2
Event: 0.332 Thread 0x0000025a3310d390 DEOPT PACKING pc=0x0000025a4083f6dc sp=0x0000006c1c3fcef0
Event: 0.332 Thread 0x0000025a3310d390 DEOPT UNPACKING pc=0x0000025a402d46a2 sp=0x0000006c1c3fce70 mode 2
Event: 0.419 Thread 0x0000025a3310d390 DEOPT PACKING pc=0x0000025a38d6ce25 sp=0x0000006c1c3f5da0
Event: 0.419 Thread 0x0000025a3310d390 DEOPT UNPACKING pc=0x0000025a402d4e42 sp=0x0000006c1c3f51f0 mode 0
Event: 0.434 Thread 0x0000025a3310d390 DEOPT PACKING pc=0x0000025a38d6ce25 sp=0x0000006c1c3fe3a0
Event: 0.434 Thread 0x0000025a3310d390 DEOPT UNPACKING pc=0x0000025a402d4e42 sp=0x0000006c1c3fd7f0 mode 0

Classes loaded (20 events):
Event: 0.465 Loading class java/util/stream/Nodes$EmptyNode$OfLong
Event: 0.465 Loading class java/util/stream/Node$OfLong
Event: 0.465 Loading class java/util/stream/Node$OfLong done
Event: 0.465 Loading class java/util/stream/Nodes$EmptyNode$OfLong done
Event: 0.465 Loading class java/util/stream/Nodes$EmptyNode$OfDouble
Event: 0.465 Loading class java/util/stream/Node$OfDouble
Event: 0.465 Loading class java/util/stream/Node$OfDouble done
Event: 0.465 Loading class java/util/stream/Nodes$EmptyNode$OfDouble done
Event: 0.465 Loading class java/util/stream/Nodes$SpinedNodeBuilder
Event: 0.465 Loading class java/util/stream/Node$Builder
Event: 0.465 Loading class java/util/stream/Node$Builder done
Event: 0.465 Loading class java/util/stream/SpinedBuffer
Event: 0.465 Loading class java/util/stream/AbstractSpinedBuffer
Event: 0.465 Loading class java/util/stream/AbstractSpinedBuffer done
Event: 0.465 Loading class java/util/stream/SpinedBuffer done
Event: 0.465 Loading class java/util/stream/Nodes$SpinedNodeBuilder done
Event: 0.465 Loading class java/util/stream/DistinctOps$1$2
Event: 0.465 Loading class java/util/stream/DistinctOps$1$2 done
Event: 0.474 Loading class java/lang/reflect/UndeclaredThrowableException
Event: 0.474 Loading class java/lang/reflect/UndeclaredThrowableException done

Classes unloaded (0 events):
No events

Classes redefined (0 events):
No events

Internal exceptions (5 events):
Event: 0.337 Thread 0x0000025a3310d390 Exception <a 'java/lang/ClassNotFoundException'{0x0000000717c182f8}: javax/smartcardio/CardPermission> (0x0000000717c182f8) 
thrown [s\src\hotspot\share\classfile\systemDictionary.cpp, line 313]
Event: 0.339 Thread 0x0000025a3310d390 Exception <a 'java/io/FileNotFoundException'{0x0000000717c26728}> (0x0000000717c26728) 
thrown [s\src\hotspot\share\prims\jni.cpp, line 520]
Event: 0.364 Thread 0x0000025a3310d390 Exception <a 'java/lang/NoSuchMethodError'{0x0000000717cbac98}: 'java.lang.Object java.lang.invoke.Invokers$Holder.linkToTargetMethod(java.lang.Object, long, java.lang.Object, java.lang.Object)'> (0x0000000717cbac98) 
thrown [s\src\hotspot\share\interpreter\linkResolver.cpp, line 774]
Event: 0.446 Thread 0x0000025a3310d390 Exception <a 'java/lang/NoSuchMethodError'{0x0000000717ad2d58}: 'void java.lang.invoke.DirectMethodHandle$Holder.invokeStatic(java.lang.Object, java.lang.Object, java.lang.Object, java.lang.Object)'> (0x0000000717ad2d58) 
thrown [s\src\hotspot\share\interpreter\linkResolver.cpp, line 774]
Event: 0.474 Thread 0x0000025a3310d390 Exception <a 'java/lang/NoSuchMethodError'{0x0000000717bfd4f8}: 'int java.lang.invoke.DirectMethodHandle$Holder.invokeStaticInit(java.lang.Object, java.lang.Object)'> (0x0000000717bfd4f8) 
thrown [s\src\hotspot\share\interpreter\linkResolver.cpp, line 774]

ZGC Phase Switch (0 events):
No events

VM Operations (10 events):
Event: 0.165 Executing VM operation: HandshakeAllThreads (Deoptimize)
Event: 0.165 Executing VM operation: HandshakeAllThreads (Deoptimize) done
Event: 0.233 Executing VM operation: HandshakeAllThreads (Deoptimize)
Event: 0.233 Executing VM operation: HandshakeAllThreads (Deoptimize) done
Event: 0.252 Executing VM operation: HandshakeAllThreads (Deoptimize)
Event: 0.252 Executing VM operation: HandshakeAllThreads (Deoptimize) done
Event: 0.282 Executing VM operation: HandshakeAllThreads (Deoptimize)
Event: 0.282 Executing VM operation: HandshakeAllThreads (Deoptimize) done
Event: 0.342 Executing VM operation: HandshakeAllThreads (Deoptimize)
Event: 0.342 Executing VM operation: HandshakeAllThreads (Deoptimize) done

Memory protections (0 events):
No events

Nmethod flushes (0 events):
No events

Events (12 events):
Event: 0.014 Thread 0x0000025a3310d390 Thread added: 0x0000025a3310d390
Event: 0.066 Thread 0x0000025a3310d390 Thread added: 0x0000025a4f8b82b0
Event: 0.066 Thread 0x0000025a3310d390 Thread added: 0x0000025a4f8b8c30
Event: 0.068 Thread 0x0000025a3310d390 Thread added: 0x0000025a4f8bcdd0
Event: 0.068 Thread 0x0000025a3310d390 Thread added: 0x0000025a4f8c7600
Event: 0.068 Thread 0x0000025a3310d390 Thread added: 0x0000025a4f8d8320
Event: 0.068 Thread 0x0000025a3310d390 Thread added: 0x0000025a4f8d8990
Event: 0.068 Thread 0x0000025a3310d390 Thread added: 0x0000025a4f8be890
Event: 0.068 Thread 0x0000025a3310d390 Thread added: 0x0000025a4f8f7140
Event: 0.139 Thread 0x0000025a3310d390 Thread added: 0x0000025a4f9c4670
Event: 0.143 Thread 0x0000025a3310d390 Thread added: 0x0000025a4f9c1f10
Event: 0.179 Thread 0x0000025a4f8f7140 Thread added: 0x0000025a4fc04290


Dynamic libraries:
0x00007ff7d47c0000 - 0x00007ff7d47ce000 	C:\Users\MyPC\.p2\pool\plugins\org.eclipse.justj.openjdk.hotspot.jre.full.win32.x86_64_22.0.2.v20240802-1626\jre\bin\javaw.exe
0x00007fff814b0000 - 0x00007fff816a5000 	C:\Windows\SYSTEM32\ntdll.dll
0x00007fff80540000 - 0x00007fff805fe000 	C:\Windows\System32\KERNEL32.DLL
0x00007fff7f230000 - 0x00007fff7f4f8000 	C:\Windows\System32\KERNELBASE.dll
0x00007fff7ebc0000 - 0x00007fff7ecc0000 	C:\Windows\System32\ucrtbase.dll
0x00007fff761f0000 - 0x00007fff76207000 	C:\Users\MyPC\.p2\pool\plugins\org.eclipse.justj.openjdk.hotspot.jre.full.win32.x86_64_22.0.2.v20240802-1626\jre\bin\jli.dll
0x00007fff61ea0000 - 0x00007fff61ebb000 	C:\Users\MyPC\.p2\pool\plugins\org.eclipse.justj.openjdk.hotspot.jre.full.win32.x86_64_22.0.2.v20240802-1626\jre\bin\VCRUNTIME140.dll
0x00007fff80860000 - 0x00007fff80a00000 	C:\Windows\System32\USER32.dll
0x00007fff7efa0000 - 0x00007fff7efc2000 	C:\Windows\System32\win32u.dll
0x00007fff659e0000 - 0x00007fff65c7a000 	C:\Windows\WinSxS\amd64_microsoft.windows.common-controls_6595b64144ccf1df_6.0.19041.1110_none_60b5254171f9507e\COMCTL32.dll
0x00007fff7f500000 - 0x00007fff7f52b000 	C:\Windows\System32\GDI32.dll
0x00007fff80ad0000 - 0x00007fff80b6e000 	C:\Windows\System32\msvcrt.dll
0x00007fff7efd0000 - 0x00007fff7f0dd000 	C:\Windows\System32\gdi32full.dll
0x00007fff7f190000 - 0x00007fff7f22d000 	C:\Windows\System32\msvcp_win.dll
0x00007fff80a90000 - 0x00007fff80ac0000 	C:\Windows\System32\IMM32.DLL
0x00007fff76240000 - 0x00007fff7624c000 	C:\Users\MyPC\.p2\pool\plugins\org.eclipse.justj.openjdk.hotspot.jre.full.win32.x86_64_22.0.2.v20240802-1626\jre\bin\vcruntime140_1.dll
0x00007fff47120000 - 0x00007fff471ae000 	C:\Users\MyPC\.p2\pool\plugins\org.eclipse.justj.openjdk.hotspot.jre.full.win32.x86_64_22.0.2.v20240802-1626\jre\bin\msvcp140.dll
0x00007fff14fc0000 - 0x00007fff15d83000 	C:\Users\MyPC\.p2\pool\plugins\org.eclipse.justj.openjdk.hotspot.jre.full.win32.x86_64_22.0.2.v20240802-1626\jre\bin\server\jvm.dll
0x00007fff802a0000 - 0x00007fff8034e000 	C:\Windows\System32\ADVAPI32.dll
0x00007fff80120000 - 0x00007fff801bc000 	C:\Windows\System32\sechost.dll
0x00007fff80d60000 - 0x00007fff80e85000 	C:\Windows\System32\RPCRT4.dll
0x00007fff80a20000 - 0x00007fff80a8b000 	C:\Windows\System32\WS2_32.dll
0x00007fff64d40000 - 0x00007fff64d67000 	C:\Windows\SYSTEM32\WINMM.dll
0x00007fff75460000 - 0x00007fff7546a000 	C:\Windows\SYSTEM32\VERSION.dll
0x00007fff7ea30000 - 0x00007fff7ea7b000 	C:\Windows\SYSTEM32\POWRPROF.dll
0x00007fff7ea10000 - 0x00007fff7ea22000 	C:\Windows\SYSTEM32\UMPDC.dll
0x00007fff7d400000 - 0x00007fff7d412000 	C:\Windows\SYSTEM32\kernel.appcore.dll
0x00007fff761e0000 - 0x00007fff761ea000 	C:\Users\MyPC\.p2\pool\plugins\org.eclipse.justj.openjdk.hotspot.jre.full.win32.x86_64_22.0.2.v20240802-1626\jre\bin\jimage.dll
0x00007fff79560000 - 0x00007fff79744000 	C:\Windows\SYSTEM32\DBGHELP.DLL
0x00007fff62490000 - 0x00007fff624bc000 	C:\Windows\SYSTEM32\dbgcore.DLL
0x00007fff7ef10000 - 0x00007fff7ef92000 	C:\Windows\System32\bcryptPrimitives.dll
0x00007fff70560000 - 0x00007fff7057e000 	C:\Users\MyPC\.p2\pool\plugins\org.eclipse.justj.openjdk.hotspot.jre.full.win32.x86_64_22.0.2.v20240802-1626\jre\bin\java.dll
0x00007fff7f550000 - 0x00007fff7fc94000 	C:\Windows\System32\SHELL32.dll
0x00007fff81340000 - 0x00007fff8146a000 	C:\Windows\System32\ole32.dll
0x00007fff80f20000 - 0x00007fff81275000 	C:\Windows\System32\combase.dll
0x00007fff62200000 - 0x00007fff62217000 	C:\Users\MyPC\.p2\pool\plugins\org.eclipse.justj.openjdk.hotspot.jre.full.win32.x86_64_22.0.2.v20240802-1626\jre\bin\zip.dll
0x00007fff7cc50000 - 0x00007fff7d3e4000 	C:\Windows\SYSTEM32\windows.storage.dll
0x00007fff7e460000 - 0x00007fff7e48e000 	C:\Windows\SYSTEM32\Wldp.dll
0x00007fff80b70000 - 0x00007fff80c1d000 	C:\Windows\System32\SHCORE.dll
0x00007fff81280000 - 0x00007fff812d5000 	C:\Windows\System32\shlwapi.dll
0x00007fff7eb00000 - 0x00007fff7eb1f000 	C:\Windows\SYSTEM32\profapi.dll
0x00007fff761d0000 - 0x00007fff761e0000 	C:\Users\MyPC\.p2\pool\plugins\org.eclipse.justj.openjdk.hotspot.jre.full.win32.x86_64_22.0.2.v20240802-1626\jre\bin\net.dll
0x00007fff7e240000 - 0x00007fff7e2aa000 	C:\Windows\system32\mswsock.dll
0x00007fff616e0000 - 0x00007fff616f6000 	C:\Users\MyPC\.p2\pool\plugins\org.eclipse.justj.openjdk.hotspot.jre.full.win32.x86_64_22.0.2.v20240802-1626\jre\bin\nio.dll
0x00007fff71080000 - 0x00007fff71090000 	C:\Users\MyPC\.p2\pool\plugins\org.eclipse.justj.openjdk.hotspot.jre.full.win32.x86_64_22.0.2.v20240802-1626\jre\bin\verify.dll

dbghelp: loaded successfully - version: 4.0.5 - missing functions: none
symbol engine: initialized successfully - sym options: 0x614 - pdb path: .;C:\Users\MyPC\.p2\pool\plugins\org.eclipse.justj.openjdk.hotspot.jre.full.win32.x86_64_22.0.2.v20240802-1626\jre\bin;C:\Windows\SYSTEM32;C:\Windows\WinSxS\amd64_microsoft.windows.common-controls_6595b64144ccf1df_6.0.19041.1110_none_60b5254171f9507e;C:\Users\MyPC\.p2\pool\plugins\org.eclipse.justj.openjdk.hotspot.jre.full.win32.x86_64_22.0.2.v20240802-1626\jre\bin\server

VM Arguments:
jvm_args: -Dfile.encoding=UTF-8 -Dstdout.encoding=UTF-8 -Dstderr.encoding=UTF-8 -XX:+ShowCodeDetailsInExceptionMessages 
java_command: com.javaweb.Application
java_class_path (initial): E:\HK2_24-25\Mobile\RentalCar\RentalCar\target\classes;C:\Users\MyPC\.m2\repository\org\springframework\boot\spring-boot-starter-web-services\3.2.2\spring-boot-starter-web-services-3.2.2.jar;C:\Users\MyPC\.m2\repository\org\springframework\boot\spring-boot-starter-web\3.2.2\spring-boot-starter-web-3.2.2.jar;C:\Users\MyPC\.m2\repository\org\springframework\boot\spring-boot-starter-json\3.2.2\spring-boot-starter-json-3.2.2.jar;C:\Users\MyPC\.m2\repository\com\fasterxml\jackson\core\jackson-databind\2.15.3\jackson-databind-2.15.3.jar;C:\Users\MyPC\.m2\repository\com\fasterxml\jackson\core\jackson-annotations\2.15.3\jackson-annotations-2.15.3.jar;C:\Users\MyPC\.m2\repository\com\fasterxml\jackson\core\jackson-core\2.15.3\jackson-core-2.15.3.jar;C:\Users\MyPC\.m2\repository\com\fasterxml\jackson\datatype\jackson-datatype-jdk8\2.15.3\jackson-datatype-jdk8-2.15.3.jar;C:\Users\MyPC\.m2\repository\com\fasterxml\jackson\datatype\jackson-datatype-jsr310\2.15.3\jackson-datatype-jsr310-2.15.3.jar;C:\Users\MyPC\.m2\repository\com\fasterxml\jackson\module\jackson-module-parameter-names\2.15.3\jackson-module-parameter-names-2.15.3.jar;C:\Users\MyPC\.m2\repository\org\springframework\boot\spring-boot-starter-tomcat\3.2.2\spring-boot-starter-tomcat-3.2.2.jar;C:\Users\MyPC\.m2\repository\org\apache\tomcat\embed\tomcat-embed-core\10.1.18\tomcat-embed-core-10.1.18.jar;C:\Users\MyPC\.m2\repository\org\apache\tomcat\embed\tomcat-embed-websocket\10.1.18\tomcat-embed-websocket-10.1.18.jar;C:\Users\MyPC\.m2\repository\org\springframework\spring-web\6.1.3\spring-web-6.1.3.jar;C:\Users\MyPC\.m2\repository\org\springframework\spring-webmvc\6.1.3\spring-webmvc-6.1.3.jar;C:\Users\MyPC\.m2\repository\com\sun\xml\messaging\saaj\saaj-impl\3.0.3\saaj-impl-3.0.3.jar;C:\Users\MyPC\.m2\repository\jakarta\xml\soap\jakarta.xml.soap-api\3.0.1\jakarta.xml.soap-api-3.0.1.jar;C:\Users\MyPC\.m2\repository\org\jvnet\staxex\stax-ex\2.1.0\stax-ex-2.1.0.jar;C:\Users\MyPC\.m2\repository\jakarta\activation\jakarta.activation-api\2.1.2\jakarta.activation-api-2.1.2.jar;C:\Users\MyPC\.m2\repository\org\eclipse\angus\angus-activation\2.0.1\angus-activation-2.0.1.jar;C:\Users\MyPC\.m2\repository\jakarta\xml\ws\jakarta.xml.ws-api\4.0.1\jakarta.xml.ws-api-4.0.1.jar;C:\Users\MyPC\.m2\repository\jakarta\xml\bind\jakarta.xml.bind-api\4.0.1\jakarta.xml.bind-api-4.0.1.jar;C:\Users\MyPC\.m2\repository\org\springframework\spring-oxm\6.1.3\spring-oxm-6.1.3.jar;C:\Users\MyPC\.m2\repository\org\springframework\ws\spring-ws-core\4.0.10\spring-ws-core-4.0.10.jar;C:\Users\MyPC\.m2\repository\org\springframework\ws\spring-xml\4.0.10\spring-xml-4.0.10.jar;C:\Users\MyPC\.m2\repository\org\glassfish\jaxb\jaxb-runtime\4.0.4\jaxb-runtime-4.0.4.jar;C:\Users\MyPC\.m2\repository\org\glassfish\jaxb\jaxb-core\4.0.4\jaxb-core-4.0.4.jar;C:\Users\MyPC\.m2\repository\org\glassfish\jaxb\txw2\4.0.4\txw2-4.0.4.jar;C:\Users\MyPC\.m2\repository\com\sun\istack\istack-commons-runtime\4.1.2\istack-commons-runtime-4.1.2.jar;C:\Users\MyPC\.m2\repository\org\springframework\boot\spring-boot-starter-validation\3.2.2\spring-boot-starter-validation-3.2.2.jar;C:\Users\MyPC\.m2\repository\org\springframework\boot\spring-boot-starter\3.2.2\spring-boot-starter-3.2.2.jar;C:\Users\MyPC\.m2\repository\org\springframework\boot\spring-boot\3.2.2\spring-boot-3.2.2.jar;C:\Users\MyPC\.m2\repository\org\springframework\boot\spring-boot-autoconfigure\3.2.2\spring-boot-autoconfigure-3.2.2.jar;C:\Users\MyPC\.m2\repository\org\springframework\boot\spring-boot-starter-logging\3.2.2\spring-boot-starter-logging-3.2.2.jar;C:\Users\MyPC\.m2\repository\ch\qos\logback\logback-classic\1.4.14\logback-classic-1.4.14.jar;C:\Users\MyPC\.m2\repository\ch\qos\logback\logback-core\1.4.14\logback-core-1.4.14.jar;C:\Users\MyPC\.m2\repository\org\apache\logging\log4j\log4j-to-slf4j\2.21.1\log4j-to-slf4j-2.21.1.jar;C:\Users\MyPC\.m2\repository\org\apache\logging\log4j\log4j-api\2.21.1\log4j-api-2.21.1.jar;C:\Users\MyPC\.m2\repository\org\slf4j\jul-to-slf4j\2.0.11\jul-to-slf4j-2.0.11.jar;C:\Users\MyPC\.m2\repository\jakarta\annotation\jakarta.annotation-api\2.1.1\jakarta.annotation-api-2.1.1.jar;C:\Users\MyPC\.m2\repository\org\yaml\snakeyaml\2.2\snakeyaml-2.2.jar;C:\Users\MyPC\.m2\repository\org\apache\tomcat\embed\tomcat-embed-el\10.1.18\tomcat-embed-el-10.1.18.jar;C:\Users\MyPC\.m2\repository\org\hibernate\validator\hibernate-validator\8.0.1.Final\hibernate-validator-8.0.1.Final.jar;C:\Users\MyPC\.m2\repository\jakarta\validation\jakarta.validation-api\3.0.2\jakarta.validation-api-3.0.2.jar;C:\Users\MyPC\.m2\repository\org\jboss\logging\jboss-logging\3.5.3.Final\jboss-logging-3.5.3.Final.jar;C:\Users\MyPC\.m2\repository\com\fasterxml\classmate\1.6.0\classmate-1.6.0.jar;C:\Users\MyPC\.m2\repository\org\springframework\boot\spring-boot-starter-data-redis\3.2.2\spring-boot-starter-data-redis-3.2.2.jar;C:\Users\MyPC\.m2\repository\org\springframework\data\spring-data-redis\3.2.2\spring-data-redis-3.2.2.jar;C:\Users\MyPC\.m2\repository\org\springframework\data\spring-data-keyvalue\3.2.2\spring-data-keyvalue-3.2.2.jar;C:\Users\MyPC\.m2\repository\org\springframework\spring-tx\6.1.3\spring-tx-6.1.3.jar;C:\Users\MyPC\.m2\repository\org\springframework\spring-context-support\6.1.3\spring-context-support-6.1.3.jar;C:\Users\MyPC\.m2\repository\org\slf4j\slf4j-api\2.0.11\slf4j-api-2.0.11.jar;C:\Users\MyPC\.m2\repository\com\nimbusds\nimbus-jose-jwt\10.0.1\nimbus-jose-jwt-10.0.1.jar;C:\Users\MyPC\.m2\repository\mysql\mysql-connector-java\8.0.28\mysql-connector-java-8.0.28.jar;C:\Users\MyPC\.m2\repository\com\google\protobuf\protobuf-java\3.11.4\protobuf-java-3.11.4.jar;C:\Users\MyPC\.m2\repository\org\springframework\boot\spring-boot-starter-data-jpa\3.2.2\spring-boot-starter-data-jpa-3.2.2.jar;C:\Users\MyPC\.m2\repository\org\springframework\boot\spring-boot-starter-aop\3.2.2\spring-boot-starter-aop-3.2.2.jar;C:\Users\MyPC\.m2\repository\org\aspectj\aspectjweaver\1.9.21\aspectjweaver-1.9.21.jar;C:\Users\MyPC\.m2\repository\org\springframework\boot\spring-boot-starter-jdbc\3.2.2\spring-boot-starter-jdbc-3.2.2.jar;C:\Users\MyPC\.m2\repository\com\zaxxer\HikariCP\5.0.1\HikariCP-5.0.1.jar;C:\Users\MyPC\.m2\repository\org\springframework\spring-jdbc\6.1.3\spring-jdbc-6.1.3.jar;C:\Users\MyPC\.m2\repository\org\hibernate\orm\hibernate-core\6.4.1.Final\hibernate-core-6.4.1.Final.jar;C:\Users\MyPC\.m2\repository\jakarta\persistence\jakarta.persistence-api\3.1.0\jakarta.persistence-api-3.1.0.jar;C:\Users\MyPC\.m2\repository\jakarta\transaction\jakarta.transaction-api\2.0.1\jakarta.transaction-api-2.0.1.jar;C:\Users\MyPC\.m2\repository\org\hibernate\common\hibernate-commons-annotations\6.0.6.Final\hibernate-commons-annotations-6.0.6.Final.jar;C:\Users\MyPC\.m2\repository\io\smallrye\jandex\3.1.2\jandex-3.1.2.jar;C:\Users\MyPC\.m2\repository\net\bytebuddy\byte-buddy\1.14.11\byte-buddy-1.14.11.jar;C:\Users\MyPC\.m2\repository\jakarta\inject\jakarta.inject-api\2.0.1\jakarta.inject-api-2.0.1.jar;C:\Users\MyPC\.m2\repository\org\antlr\antlr4-runtime\4.13.0\antlr4-runtime-4.13.0.jar;C:\Users\MyPC\.m2\repository\org\springframework\data\spring-data-jpa\3.2.2\spring-data-jpa-3.2.2.jar;C:\Users\MyPC\.m2\repository\org\springframework\data\spring-data-commons\3.2.2\spring-data-commons-3.2.2.jar;C:\Users\MyPC\.m2\repository\org\springframework\spring-orm\6.1.3\spring-orm-6.1.3.jar;C:\Users\MyPC\.m2\repository\org\springframework\spring-aspects\6.1.3\spring-aspects-6.1.3.jar;C:\Users\MyPC\.m2\repository\org\modelmapper\modelmapper\3.1.1\modelmapper-3.1.1.jar;C:\Users\MyPC\.m2\repository\com\sun\mail\javax.mail\1.6.0\javax.mail-1.6.0.jar;C:\Users\MyPC\.m2\repository\javax\activation\activation\1.1.1\activation-1.1.1.jar;C:\Users\MyPC\.m2\repository\io\github\cdimascio\java-dotenv\5.2.2\java-dotenv-5.2.2.jar;C:\Users\MyPC\.m2\repository\org\jetbrains\kotlin\kotlin-stdlib\1.9.22\kotlin-stdlib-1.9.22.jar;C:\Users\MyPC\.m2\repository\org\jetbrains\annotations\13.0\annotations-13.0.jar;C:\Users\MyPC\.m2\repository\org\springframework\boot\spring-boot-starter-thymeleaf\3.2.2\spring-boot-starter-thymeleaf-3.2.2.jar;C:\Users\MyPC\.m2\repository\org\thymeleaf\thymeleaf-spring6\3.1.2.RELEASE\thymeleaf-spring6-3.1.2.RELEASE.jar;C:\Users\MyPC\.m2\repository\org\thymeleaf\thymeleaf\3.1.2.RELEASE\thymeleaf-3.1.2.RELEASE.jar;C:\Users\MyPC\.m2\repository\org\attoparser\attoparser\2.0.7.RELEASE\attoparser-2.0.7.RELEASE.jar;C:\Users\MyPC\.m2\repository\org\unbescape\unbescape\1.1.6.RELEASE\unbescape-1.1.6.RELEASE.jar;C:\Users\MyPC\.m2\repository\com\cloudinary\cloudinary-http44\1.39.0\cloudinary-http44-1.39.0.jar;C:\Users\MyPC\.m2\repository\com\cloudinary\cloudinary-core\1.39.0\cloudinary-core-1.39.0.jar;C:\Users\MyPC\.m2\repository\org\apache\commons\commons-lang3\3.13.0\commons-lang3-3.13.0.jar;C:\Users\MyPC\.m2\repository\org\apache\httpcomponents\httpclient\4.4\httpclient-4.4.jar;C:\Users\MyPC\.m2\repository\org\apache\httpcomponents\httpcore\4.4.16\httpcore-4.4.16.jar;C:\Users\MyPC\.m2\repository\commons-logging\commons-logging\1.2\commons-logging-1.2.jar;C:\Users\MyPC\.m2\repository\commons-codec\commons-codec\1.16.0\commons-codec-1.16.0.jar;C:\Users\MyPC\.m2\repository\org\apache\httpcomponents\httpmime\4.4\httpmime-4.4.jar;C:\Users\MyPC\.m2\repository\io\lettuce\lettuce-core\6.3.1.RELEASE\lettuce-core-6.3.1.RELEASE.jar;C:\Users\MyPC\.m2\repository\io\netty\netty-common\4.1.105.Final\netty-common-4.1.105.Final.jar;C:\Users\MyPC\.m2\repository\io\netty\netty-handler\4.1.105.Final\netty-handler-4.1.105.Final.jar;C:\Users\MyPC\.m2\repository\io\netty\netty-resolver\4.1.105.Final\netty-resolver-4.1.105.Final.jar;C:\Users\MyPC\.m2\repository\io\netty\netty-buffer\4.1.105.Final\netty-buffer-4.1.105.Final.jar;C:\Users\MyPC\.m2\repository\io\netty\netty-transport-native-unix-common\4.1.105.Final\netty-transport-native-unix-common-4.1.105.Final.jar;C:\Users\MyPC\.m2\repository\io\netty\netty-codec\4.1.105.Final\netty-codec-4.1.105.Final.jar;C:\Users\MyPC\.m2\repository\io\netty\netty-transport\4.1.105.Final\netty-transport-4.1.105.Final.jar;C:\Users\MyPC\.m2\repository\io\projectreactor\reactor-core\3.6.2\reactor-core-3.6.2.jar;C:\Users\MyPC\.m2\repository\org\reactivestreams\reactive-streams\1.0.4\reactive-streams-1.0.4.jar;C:\Users\MyPC\.m2\repository\org\springframework\security\spring-security-core\6.1.4\spring-security-core-6.1.4.jar;C:\Users\MyPC\.m2\repository\org\springframework\security\spring-security-crypto\6.2.1\spring-security-crypto-6.2.1.jar;C:\Users\MyPC\.m2\repository\org\springframework\spring-aop\6.1.3\spring-aop-6.1.3.jar;C:\Users\MyPC\.m2\repository\org\springframework\spring-beans\6.1.3\spring-beans-6.1.3.jar;C:\Users\MyPC\.m2\repository\org\springframework\spring-context\6.1.3\spring-context-6.1.3.jar;C:\Users\MyPC\.m2\repository\org\springframework\spring-core\6.1.3\spring-core-6.1.3.jar;C:\Users\MyPC\.m2\repository\org\springframework\spring-jcl\6.1.3\spring-jcl-6.1.3.jar;C:\Users\MyPC\.m2\repository\org\springframework\spring-expression\6.1.3\spring-expression-6.1.3.jar;C:\Users\MyPC\.m2\repository\io\micrometer\micrometer-observation\1.12.2\micrometer-observation-1.12.2.jar;C:\Users\MyPC\.m2\repository\io\micrometer\micrometer-commons\1.12.2\micrometer-commons-1.12.2.jar
Launcher Type: SUN_STANDARD

[Global flags]
     intx CICompilerCount                          = 4                                         {product} {ergonomic}
     uint ConcGCThreads                            = 2                                         {product} {ergonomic}
     uint G1ConcRefinementThreads                  = 8                                         {product} {ergonomic}
   size_t G1HeapRegionSize                         = 2097152                                   {product} {ergonomic}
   size_t InitialHeapSize                          = 260046848                                 {product} {ergonomic}
   size_t MarkStackSize                            = 4194304                                   {product} {ergonomic}
   size_t MaxHeapSize                              = 4141875200                                {product} {ergonomic}
   size_t MaxNewSize                               = 2485125120                                {product} {ergonomic}
   size_t MinHeapDeltaBytes                        = 2097152                                   {product} {ergonomic}
   size_t MinHeapSize                              = 8388608                                   {product} {ergonomic}
    uintx NonNMethodCodeHeapSize                   = 5839372                                {pd product} {ergonomic}
    uintx NonProfiledCodeHeapSize                  = 122909434                              {pd product} {ergonomic}
    uintx ProfiledCodeHeapSize                     = 122909434                              {pd product} {ergonomic}
    uintx ReservedCodeCacheSize                    = 251658240                              {pd product} {ergonomic}
     bool SegmentedCodeCache                       = true                                      {product} {ergonomic}
     bool ShowCodeDetailsInExceptionMessages       = true                                   {manageable} {command line}
   size_t SoftMaxHeapSize                          = 4141875200                             {manageable} {ergonomic}
     bool UseCompressedOops                        = true                           {product lp64_product} {ergonomic}
     bool UseG1GC                                  = true                                      {product} {ergonomic}
     bool UseLargePagesIndividualAllocation        = false                                  {pd product} {ergonomic}

Logging:
Log output configuration:
 #0: stdout all=warning uptime,level,tags foldmultilines=false
 #1: stderr all=off uptime,level,tags foldmultilines=false

Environment Variables:
JAVA_HOME=C:\Program Files\Eclipse Adoptium\jdk-21.0.4.7-hotspot\
PATH=C:/Users/MyPC/.p2/pool/plugins/org.eclipse.justj.openjdk.hotspot.jre.full.win32.x86_64_22.0.2.v20240802-1626/jre/bin/server;C:/Users/MyPC/.p2/pool/plugins/org.eclipse.justj.openjdk.hotspot.jre.full.win32.x86_64_22.0.2.v20240802-1626/jre/bin;C:\Program Files\Eclipse Adoptium\jdk-21.0.4.7-hotspot\bin;C:\Program Files (x86)\VMware\VMware Workstation\bin\;C:\Program Files\Common Files\Oracle\Java\javapath;C:\Windows\system32;C:\Windows;C:\Windows\System32\Wbem;C:\Windows\System32\WindowsPowerShell\v1.0\;C:\Windows\System32\OpenSSH\;C:\Program Files (x86)\Intel\Intel(R) Management Engine Components\DAL;C:\Program Files\Intel\Intel(R) Management Engine Components\DAL;C:\Program Files\dotnet\;C:\Program Files (x86)\Windows Kits\10\Windows Performance Toolkit\;E:\28tech\Git\cmd;C:\Program Files (x86)\Microsoft SQL Server\160\Tools\Binn\;C:\Program Files\Microsoft SQL Server\160\Tools\Binn\;C:\Program Files\Microsoft SQL Server\Client SDK\ODBC\170\Tools\Binn\;C:\Program Files\Microsoft SQL Server\160\DTS\Binn\;C:\Program Files (x86)\Microsoft SQL Server\160\DTS\Binn\;C:\Program Files\Azure Data Studio\bin;C:\Program Files\Microsoft SQL Server\150\Tools\Binn\;C:\Program Files\nodejs\;C:\Program Files\Cloudflare\Cloudflare WARP\;C:\Users\MyPC\Downloads\apache-maven-3.9.9-bin\apache-maven-3.9.9\bin;C:\Program Files\TortoiseSVN\bin;C:\Program Files\VisualSVN Server\bin;C:\Program Files\Docker\Docker\resources\bin;C:\Program Files\TortoiseGit\bin;C:\Users\MyPC\AppData\Local\Programs\Python\Python310\Scripts\;C:\Users\MyPC\AppData\Local\Programs\Python\Python310\;C:\Users\MyPC\AppData\Local\Microsoft\WindowsApps;C:\MinGW\bin;C:\Users\MyPC\.dotnet\tools;C:\Thanh Nh\Microsoft VS Code\bin;C:\Program Files\Azure Data Studio\bin;C:\Users\MyPC\AppData\Roaming\npm;E:\install\IntelliJ IDEA 2024.3.4\bin;;E:\install\cursor\resources\app\bin;C:\Users\MyPC\Desktop;
USERNAME=MyPC
OS=Windows_NT
PROCESSOR_IDENTIFIER=Intel64 Family 6 Model 142 Stepping 10, GenuineIntel
TMP=C:\Users\MyPC\AppData\Local\Temp
TEMP=C:\Users\MyPC\AppData\Local\Temp




Periodic native trim disabled

---------------  S Y S T E M  ---------------

OS:
 Windows 10 , 64 bit Build 19041 (10.0.19041.1503)
OS uptime: 0 days 1:04 hours
Hyper-V role detected

CPU: total 8 (initial active 8) (4 cores per cpu, 2 threads per core) family 6 model 142 stepping 10 microcode 0xb4, cx8, cmov, fxsr, ht, mmx, 3dnowpref, sse, sse2, sse3, ssse3, sse4.1, sse4.2, popcnt, lzcnt, tsc, tscinvbit, avx, avx2, aes, erms, clmul, bmi1, bmi2, adx, fma, vzeroupper, clflush, clflushopt, hv, rdtscp, f16c
Processor Information for all 8 processors :
  Max Mhz: 1992, Current Mhz: 1792, Mhz Limit: 1792

Memory: 4k page, system-wide physical 15799M (1618M free)
TotalPageFile size 15799M (AvailPageFile size 2M)
current process WorkingSet (physical memory assigned to process): 70M, peak: 70M
current process commit charge ("private bytes"): 344M, peak: 344M

vm_info: OpenJDK 64-Bit Server VM (22.0.2+9) for windows-amd64 JRE (22.0.2+9), built on 2024-07-16T00:00:00Z by "admin" with MS VC++ 17.7 (VS2022)

END.
